<?xml version="1.0" encoding="UTF-8"?>
<!-- Generated by org.testng.reporters.JUnitReportReporter -->
<testsuite hostname="DESKTOP-GHF380V" failures="0" tests="2" name="GoogleNavigation.DynamicJson" time="3.000" errors="0" timestamp="2024-03-04T11:56:30 IST" skipped="0">
  <testcase classname="GoogleNavigation.DynamicJson" name="addBook" time="2.899"/>
  <testcase classname="GoogleNavigation.DynamicJson" name="addBook" time="0.101"/>
</testsuite> <!-- GoogleNavigation.DynamicJson -->
