<?xml version="1.0" encoding="UTF-8"?>
<!-- Generated by org.testng.reporters.JUnitReportReporter -->
<testsuite hostname="DESKTOP-GHF380V" failures="0" tests="1" name="GoogleNavigation.JsonValidation" time="2.024" errors="0" timestamp="2024-03-04T11:02:12 IST" skipped="0">
  <testcase classname="GoogleNavigation.JsonValidation" name="sumOfCourses" time="2.024"/>
</testsuite> <!-- GoogleNavigation.JsonValidation -->
